<?xml version="1.0" encoding="UTF-8" ?>
<testsuite tests="1" failures="1" name="HelloRestServiceTest" time="0.414" errors="0" skipped="0">
  <properties>
[...]
</properties>
  <testcase classname="HelloRestServiceTest" name="helloTest" time="0.414">
    <failure message="expected:&lt;[hello]&gt; but was:&lt;[Document{{_id=60099abc324fd7256817b301, email=email@example.com, timestamp=Wed Jan 20 17:59:20 CET 2021, version=2.0, path=my.package.className}}Document{{_id=60099ad2324fd7256817b302, email=tizio@example.com, timestamp=Mon Jan 18 14:59:20 CET 2021, version=2.0, path=my.package.className}}Document{{_id=60099af4324fd7256817b303, email=caio@example.com, timestamp=Wed Dec 23 13:15:20 CET 2020, version=2.0, path=my.package.className}}Document{{_id=60099b0f324fd7256817b304, email=sempronio@example.com, timestamp=Tue Jan 12 17:00:00 CET 2021, version=2.0, path=my.package.className}}]&gt;" type="org.junit.ComparisonFailure">org.junit.ComparisonFailure: expected:&lt;[hello]&gt; but was:&lt;[Document{{_id=60099abc324fd7256817b301, email=email@example.com, timestamp=Wed Jan 20 17:59:20 CET 2021, version=2.0, path=my.package.className}}Document{{_id=60099ad2324fd7256817b302, email=tizio@example.com, timestamp=Mon Jan 18 14:59:20 CET 2021, version=2.0, path=my.package.className}}Document{{_id=60099af4324fd7256817b303, email=caio@example.com, timestamp=Wed Dec 23 13:15:20 CET 2020, version=2.0, path=my.package.className}}Document{{_id=60099b0f324fd7256817b304, email=sempronio@example.com, timestamp=Tue Jan 12 17:00:00 CET 2021, version=2.0, path=my.package.className}}]&gt;
	at org.junit.Assert.assertEquals(Assert.java:123)
	at org.junit.Assert.assertEquals(Assert.java:145)
	at HelloRestServiceTest.helloTest(HelloRestServiceTest.java:41)
	at sun.reflect.NativeMethodAccessorImpl.invoke0(Native Method)
	at sun.reflect.NativeMethodAccessorImpl.invoke(NativeMethodAccessorImpl.java:62)
	at sun.reflect.DelegatingMethodAccessorImpl.invoke(DelegatingMethodAccessorImpl.java:43)
	at java.lang.reflect.Method.invoke(Method.java:498)
	at org.junit.runners.model.FrameworkMethod$1.runReflectiveCall(FrameworkMethod.java:44)
	at org.junit.internal.runners.model.ReflectiveCallable.run(ReflectiveCallable.java:15)
	at org.junit.runners.model.FrameworkMethod.invokeExplosively(FrameworkMethod.java:41)
	at org.junit.internal.runners.statements.InvokeMethod.evaluate(InvokeMethod.java:20)
	at org.junit.runners.BlockJUnit4ClassRunner.runNotIgnored(BlockJUnit4ClassRunner.java:79)
	at org.junit.runners.BlockJUnit4ClassRunner.runChild(BlockJUnit4ClassRunner.java:71)
	at org.junit.runners.BlockJUnit4ClassRunner.runChild(BlockJUnit4ClassRunner.java:49)
	at org.junit.runners.ParentRunner$3.run(ParentRunner.java:193)
	at org.junit.runners.ParentRunner$1.schedule(ParentRunner.java:52)
	at org.junit.runners.ParentRunner.runChildren(ParentRunner.java:191)
	at org.junit.runners.ParentRunner.access$000(ParentRunner.java:42)
	at org.junit.runners.ParentRunner$2.evaluate(ParentRunner.java:184)
	at org.junit.internal.runners.statements.RunBefores.evaluate(RunBefores.java:28)
	at org.junit.runners.ParentRunner.run(ParentRunner.java:236)
	at org.apache.maven.surefire.junit4.JUnit4Provider.execute(JUnit4Provider.java:252)
	at org.apache.maven.surefire.junit4.JUnit4Provider.executeTestSet(JUnit4Provider.java:141)
	at org.apache.maven.surefire.junit4.JUnit4Provider.invoke(JUnit4Provider.java:112)
	at sun.reflect.NativeMethodAccessorImpl.invoke0(Native Method)
	at sun.reflect.NativeMethodAccessorImpl.invoke(NativeMethodAccessorImpl.java:62)
	at sun.reflect.DelegatingMethodAccessorImpl.invoke(DelegatingMethodAccessorImpl.java:43)
	at java.lang.reflect.Method.invoke(Method.java:498)
	at org.apache.maven.surefire.util.ReflectionUtils.invokeMethodWithArray(ReflectionUtils.java:189)
	at org.apache.maven.surefire.booter.ProviderFactory$ProviderProxy.invoke(ProviderFactory.java:165)
	at org.apache.maven.surefire.booter.ProviderFactory.invokeProvider(ProviderFactory.java:85)
	at org.apache.maven.surefire.booter.ForkedBooter.runSuitesInProcess(ForkedBooter.java:115)
	at org.apache.maven.surefire.booter.ForkedBooter.main(ForkedBooter.java:75)
</failure>
    <system-err>gen 21, 2021 4:43:02 PM com.mongodb.diagnostics.logging.JULLogger log
INFORMAZIONI: Cluster created with settings {hosts=[localhost:27017], mode=SINGLE, requiredClusterType=UNKNOWN, serverSelectionTimeout=&apos;30000 ms&apos;, maxWaitQueueSize=500}
gen 21, 2021 4:43:02 PM com.mongodb.diagnostics.logging.JULLogger log
INFORMAZIONI: Cluster description not yet available. Waiting for 30000 ms before timing out
gen 21, 2021 4:43:02 PM com.mongodb.diagnostics.logging.JULLogger log
INFORMAZIONI: Opened connection [connectionId{localValue:1, serverValue:20}] to localhost:27017
gen 21, 2021 4:43:02 PM com.mongodb.diagnostics.logging.JULLogger log
INFORMAZIONI: Monitor thread successfully connected to server with description ServerDescription{address=localhost:27017, type=STANDALONE, state=CONNECTED, ok=true, version=ServerVersion{versionList=[4, 4, 3]}, minWireVersion=0, maxWireVersion=9, maxDocumentSize=16777216, logicalSessionTimeoutMinutes=30, roundTripTimeNanos=3239900}
gen 21, 2021 4:43:02 PM com.mongodb.diagnostics.logging.JULLogger log
INFORMAZIONI: Opened connection [connectionId{localValue:2, serverValue:21}] to localhost:27017
gen 21, 2021 4:43:02 PM com.mongodb.diagnostics.logging.JULLogger log
INFORMAZIONI: Closed connection [connectionId{localValue:2, serverValue:21}] to localhost:27017 because the pool has been closed.
</system-err>
  </testcase>
</testsuite>